Arguments: 
  C:\Program Files\nodejs\node.exe C:\Users\jlh94\AppData\Roaming\nvm\v10.14.1\node_modules\@sanity\cli\vendor\yarn install --json --non-interactive --ignore-engines --registry https://registry.npmjs.org

PATH: 
  C:\Users\jlh94\dev\jorgenlybeck-com\studio\node_modules\.bin;C:\Users\jlh94\dev\jorgenlybeck-com\node_modules\.bin;C:\Users\jlh94\dev\node_modules\.bin;C:\Users\jlh94\node_modules\.bin;C:\Users\node_modules\.bin;C:\node_modules\.bin;C:\Program Files\nodejs;C:\Users\jlh94\AppData\Roaming\nvm\v10.14.1\node_modules\vendor;C:\Program Files\Git\mingw64\bin;C:\Program Files\Git\usr\bin;C:\Users\jlh94\bin;C:\Users\jlh94\bin;C:\Program Files\Git\mingw64\bin;C:\Program Files\Git\usr\local\bin;C:\Program Files\Git\usr\bin;C:\Program Files\Git\usr\bin;C:\Program Files\Git\cmd;C:\Program Files\Git\usr\bin;C:\Program Files\ConEmu\ConEmu\Scripts;C:\Program Files\ConEmu;C:\Program Files\ConEmu\ConEmu;C:\WINDOWS\system32;C:\WINDOWS;C:\WINDOWS\System32\Wbem;C:\WINDOWS\System32\WindowsPowerShell\v1.0;C:\Users\jlh94\AppData\Roaming\nvm;C:\Program Files\nodejs;C:\Program Files\PuTTY;C:\Program Files\Git\cmd;C:\Program Files\Git\mingw64\bin;C:\Program Files\Git\usr\bin;C:\ProgramData\chocolatey\bin;C:\WINDOWS\System32\OpenSSH;C:\Python27;C:\Users\jlh94\AppData\Local\Microsoft\WindowsApps;C:\Users\jlh94\AppData\Local\Programs\Microsoft VS Code\bin;C:\Users\jlh94\AppData\Roaming\nvm;C:\Program Files\nodejs;C:\Users\jlh94\AppData\Local\.meteor;C:\Python27;C:\Users\jlh94\.deno\bin;C:\Program Files\Git\usr\bin\vendor_perl;C:\Program Files\Git\usr\bin\core_perl

Yarn version: 
  1.6.0

Node version: 
  10.14.1

Platform: 
  win32 x64

Trace: 
  Error: https://registry.npmjs.org/rxjs/-/rxjs-6.5.5.tgz: ESOCKETTIMEDOUT
      at ClientRequest.<anonymous> (C:\Users\jlh94\AppData\Roaming\nvm\v10.14.1\node_modules\@sanity\cli\vendor\yarn:133816:19)
      at Object.onceWrapper (events.js:273:13)
      at ClientRequest.emit (events.js:182:13)
      at TLSSocket.emitRequestTimeout (_http_client.js:661:40)
      at Object.onceWrapper (events.js:273:13)
      at TLSSocket.emit (events.js:182:13)
      at TLSSocket.Socket._onTimeout (net.js:449:8)
      at ontimeout (timers.js:436:11)
      at tryOnTimeout (timers.js:300:5)
      at listOnTimeout (timers.js:263:5)

npm manifest: 
  {
    "private": true,
    "name": "sanity-gatsby-portfolio-studio",
    "version": "1.0.1",
    "main": "package.json",
    "author": "Sanity <hello@sanity.io>",
    "scripts": {
      "dev": "sanity start",
      "format": "prettier-eslint --write \"**/*.js\" \"!node_modules/**\"",
      "build": "sanity build",
      "graphql-deploy": "sanity graphql deploy --playground",
      "lint": "eslint .",
      "test": "sanity check"
    },
    "dependencies": {
      "@sanity/base": "^1.149.15",
      "@sanity/cli": "^1.149.13",
      "@sanity/code-input": "^1.149.7",
      "@sanity/color-input": "^1.149.7",
      "@sanity/components": "^1.149.15",
      "@sanity/core": "^1.149.13",
      "@sanity/dashboard": "^1.149.15",
      "@sanity/default-layout": "^1.149.15",
      "@sanity/default-login": "^1.149.11",
      "@sanity/desk-tool": "^1.149.15",
      "date-fns": "^1.30.1",
      "prop-types": "^15.7.2",
      "react": "^16.8.6",
      "react-dom": "^16.8.6",
      "sanity-plugin-dashboard-widget-document-list": "^0.0.8",
      "sanity-plugin-dashboard-widget-netlify": "^1.0.1",
      "sanity-plugin-markdown": "^1.0.1"
    },
    "devDependencies": {
      "babel-eslint": "^10.0.1",
      "eslint": "^5.16.0",
      "eslint-config-standard": "^12.0.0",
      "eslint-config-standard-react": "^7.0.2",
      "eslint-plugin-import": "^2.17.2",
      "eslint-plugin-node": "^9.0.1",
      "eslint-plugin-promise": "^4.1.1",
      "eslint-plugin-react": "^7.13.0",
      "eslint-plugin-standard": "^4.0.0",
      "prettier-eslint-cli": "^5.0.0"
    }
  }

yarn manifest: 
  No manifest

Lockfile: 
  No lockfile
